<?xml version="1.0" encoding="UTF-8"?>
<testsuite name="ct417_assignment_1_a_bird.ModuleCourseTest" tests="4" skipped="0" failures="0" errors="0" timestamp="2022-10-12T11:28:45" hostname="LAPTOP-3DVKI1TU" time="0.002">
  <properties/>
  <testcase name="testDuplicateAddCourse" classname="ct417_assignment_1_a_bird.ModuleCourseTest" time="0.001"/>
  <testcase name="testRemoveCourse" classname="ct417_assignment_1_a_bird.ModuleCourseTest" time="0.0"/>
  <testcase name="testAddCourse" classname="ct417_assignment_1_a_bird.ModuleCourseTest" time="0.001"/>
  <testcase name="testGetCourse" classname="ct417_assignment_1_a_bird.ModuleCourseTest" time="0.0"/>
  <system-out><![CDATA[]]></system-out>
  <system-err><![CDATA[]]></system-err>
</testsuite>
