<?xml version="1.0" encoding="UTF-8"?>
<testsuite name="ct417_assignment_1_a_bird.LecturerModuleTest" tests="4" skipped="0" failures="0" errors="0" timestamp="2022-10-12T11:28:45" hostname="LAPTOP-3DVKI1TU" time="0.004">
  <properties/>
  <testcase name="testRemoveModule" classname="ct417_assignment_1_a_bird.LecturerModuleTest" time="0.003"/>
  <testcase name="testAddModule" classname="ct417_assignment_1_a_bird.LecturerModuleTest" time="0.0"/>
  <testcase name="testGetModules" classname="ct417_assignment_1_a_bird.LecturerModuleTest" time="0.001"/>
  <testcase name="testDuplicateAdd" classname="ct417_assignment_1_a_bird.LecturerModuleTest" time="0.0"/>
  <system-out><![CDATA[]]></system-out>
  <system-err><![CDATA[]]></system-err>
</testsuite>
