<?xml version="1.0" encoding="UTF-8"?>
<testsuite name="ct417_assignment_1_a_bird.StudentCourseTest" tests="3" skipped="0" failures="0" errors="0" timestamp="2022-10-12T11:28:45" hostname="LAPTOP-3DVKI1TU" time="0.0">
  <properties/>
  <testcase name="testSetCourse" classname="ct417_assignment_1_a_bird.StudentCourseTest" time="0.0"/>
  <testcase name="testGetCourse" classname="ct417_assignment_1_a_bird.StudentCourseTest" time="0.0"/>
  <testcase name="testStudentAutoAdd" classname="ct417_assignment_1_a_bird.StudentCourseTest" time="0.0"/>
  <system-out><![CDATA[]]></system-out>
  <system-err><![CDATA[]]></system-err>
</testsuite>
