<?xml version="1.0" encoding="UTF-8"?>
<testsuite name="ct417_assignment_1_a_bird.CourseStudentTest" tests="4" skipped="0" failures="0" errors="0" timestamp="2022-10-12T11:28:45" hostname="LAPTOP-3DVKI1TU" time="0.003">
  <properties/>
  <testcase name="testDuplicateAddStudent" classname="ct417_assignment_1_a_bird.CourseStudentTest" time="0.0"/>
  <testcase name="testGetStudents" classname="ct417_assignment_1_a_bird.CourseStudentTest" time="0.001"/>
  <testcase name="testAddStudent" classname="ct417_assignment_1_a_bird.CourseStudentTest" time="0.001"/>
  <testcase name="testRemoveStudent" classname="ct417_assignment_1_a_bird.CourseStudentTest" time="0.0"/>
  <system-out><![CDATA[]]></system-out>
  <system-err><![CDATA[]]></system-err>
</testsuite>
